2022-10-20 11:29:16,749 [Worker-4: Loading available Gradle versions] INFO  o.e.b.c.i.u.g.PublishedGradleVersions - Gradle version information cache is up-to-date. Trying to read.
2022-10-20 11:33:02,917 [ForkJoinPool.commonPool-worker-1] ERROR o.e.m.e.l.MavenRuntimeClasspathProvider - Illegal character in path at index 11: file:/C:/my sql/eclipse/plugins/org.eclipse.m2e.maven.runtime_1.18.3.20220227-1319/jars/
java.net.URISyntaxException: Illegal character in path at index 11: file:/C:/my sql/eclipse/plugins/org.eclipse.m2e.maven.runtime_1.18.3.20220227-1319/jars/
	at java.base/java.net.URI$Parser.fail(URI.java:2974) ~[na:na]
	at java.base/java.net.URI$Parser.checkChars(URI.java:3145) ~[na:na]
	at java.base/java.net.URI$Parser.parseHierarchical(URI.java:3227) ~[na:na]
	at java.base/java.net.URI$Parser.parse(URI.java:3175) ~[na:na]
	at java.base/java.net.URI.<init>(URI.java:623) ~[na:na]
	at java.base/java.net.URL.toURI(URL.java:1056) ~[na:na]
	at org.eclipse.m2e.editor.lemminx.MavenRuntimeClasspathProvider.addJarsFromBundle(MavenRuntimeClasspathProvider.java:81) ~[na:na]
	at org.eclipse.m2e.editor.lemminx.MavenRuntimeClasspathProvider.get(MavenRuntimeClasspathProvider.java:66) ~[na:na]
	at org.eclipse.m2e.editor.lemminx.MavenRuntimeClasspathProvider.get(MavenRuntimeClasspathProvider.java:1) ~[na:na]
	at java.base/java.util.stream.ReferencePipeline$3$1.accept(ReferencePipeline.java:197) ~[na:na]
	at java.base/java.util.stream.ReferencePipeline$3$1.accept(ReferencePipeline.java:197) ~[na:na]
	at java.base/java.util.HashMap$EntrySpliterator.forEachRemaining(HashMap.java:1850) ~[na:na]
	at java.base/java.util.stream.AbstractPipeline.copyInto(AbstractPipeline.java:509) ~[na:na]
	at java.base/java.util.stream.AbstractPipeline.wrapAndCopyInto(AbstractPipeline.java:499) ~[na:na]
	at java.base/java.util.stream.ForEachOps$ForEachOp.evaluateSequential(ForEachOps.java:150) ~[na:na]
	at java.base/java.util.stream.ForEachOps$ForEachOp$OfRef.evaluateSequential(ForEachOps.java:173) ~[na:na]
	at java.base/java.util.stream.AbstractPipeline.evaluate(AbstractPipeline.java:234) ~[na:na]
	at java.base/java.util.stream.ReferencePipeline.forEach(ReferencePipeline.java:596) ~[na:na]
	at org.eclipse.wildwebdeveloper.xml.internal.XMLExtensionRegistry.getXMLLSClassPathExtensions(XMLExtensionRegistry.java:81) ~[na:na]
	at org.eclipse.wildwebdeveloper.xml.internal.XMLLanguageServer.getExtensionJarPaths(XMLLanguageServer.java:148) ~[na:na]
	at org.eclipse.wildwebdeveloper.xml.internal.XMLLanguageServer.<init>(XMLLanguageServer.java:83) ~[na:na]
	at java.base/jdk.internal.reflect.NativeConstructorAccessorImpl.newInstance0(Native Method) ~[na:na]
	at java.base/jdk.internal.reflect.NativeConstructorAccessorImpl.newInstance(NativeConstructorAccessorImpl.java:77) ~[na:na]
	at java.base/jdk.internal.reflect.DelegatingConstructorAccessorImpl.newInstance(DelegatingConstructorAccessorImpl.java:45) ~[na:na]
	at java.base/java.lang.reflect.Constructor.newInstanceWithCaller(Constructor.java:499) ~[na:na]
	at java.base/java.lang.reflect.Constructor.newInstance(Constructor.java:480) ~[na:na]
	at org.eclipse.core.internal.registry.osgi.RegistryStrategyOSGI.createExecutableExtension(RegistryStrategyOSGI.java:204) ~[org.eclipse.equinox.registry_3.11.100.v20211021-1418.jar:na]
	at org.eclipse.core.internal.registry.ExtensionRegistry.createExecutableExtension(ExtensionRegistry.java:920) ~[org.eclipse.equinox.registry_3.11.100.v20211021-1418.jar:na]
	at org.eclipse.core.internal.registry.ConfigurationElement.createExecutableExtension(ConfigurationElement.java:246) ~[org.eclipse.equinox.registry_3.11.100.v20211021-1418.jar:na]
	at org.eclipse.core.internal.registry.ConfigurationElementHandle.createExecutableExtension(ConfigurationElementHandle.java:63) ~[org.eclipse.equinox.registry_3.11.100.v20211021-1418.jar:na]
	at org.eclipse.lsp4e.LanguageServersRegistry$ExtensionLanguageServerDefinition.createConnectionProvider(LanguageServersRegistry.java:161) ~[na:na]
	at org.eclipse.lsp4e.LanguageServerWrapper.lambda$0(LanguageServerWrapper.java:232) ~[na:na]
	at java.base/java.util.concurrent.CompletableFuture$AsyncSupply.run(CompletableFuture.java:1768) ~[na:na]
	at java.base/java.util.concurrent.CompletableFuture$AsyncSupply.exec(CompletableFuture.java:1760) ~[na:na]
	at java.base/java.util.concurrent.ForkJoinTask.doExec(ForkJoinTask.java:373) ~[na:na]
	at java.base/java.util.concurrent.ForkJoinPool$WorkQueue.topLevelExec(ForkJoinPool.java:1182) ~[na:na]
	at java.base/java.util.concurrent.ForkJoinPool.scan(ForkJoinPool.java:1655) ~[na:na]
	at java.base/java.util.concurrent.ForkJoinPool.runWorker(ForkJoinPool.java:1622) ~[na:na]
	at java.base/java.util.concurrent.ForkJoinWorkerThread.run(ForkJoinWorkerThread.java:165) ~[na:na]
2022-10-20 11:33:18,727 [Worker-26: Building] INFO  o.e.m.c.i.l.LifecycleMappingFactory - Using org.eclipse.m2e.jdt.JarLifecycleMapping lifecycle mapping for MavenProject: lp1_modelo_proyecto_01:lp1_modelo_proyecto_01:0.0.1-SNAPSHOT @ C:\Users\Jose Manuel.DESKTOP-IK1OESR\Music\lp1_20222_sabado_02_grupo_02\pom.xml.
2022-10-20 11:33:26,922 [Worker-26: Building] WARN  o.e.m.c.i.embedder.EclipseLogger - Using platform encoding (Cp1252 actually) to copy filtered resources, i.e. build is platform dependent!
2022-10-20 11:33:26,934 [Worker-26: Building] INFO  o.e.m.c.i.embedder.EclipseLogger - Copying 3 resources
2022-10-20 11:33:26,968 [Worker-26: Building] WARN  o.e.m.c.i.embedder.EclipseLogger - Using platform encoding (Cp1252 actually) to copy filtered resources, i.e. build is platform dependent!
2022-10-20 11:33:26,971 [Worker-26: Building] INFO  o.e.m.c.i.embedder.EclipseLogger - skip non existing resourceDirectory C:\Users\Jose Manuel.DESKTOP-IK1OESR\Music\lp1_20222_sabado_02_grupo_02\src\test\resources
2022-10-20 11:33:29,376 [Worker-23: Building] WARN  o.e.m.c.i.embedder.EclipseLogger - Using platform encoding (Cp1252 actually) to copy filtered resources, i.e. build is platform dependent!
2022-10-20 11:33:29,438 [Worker-23: Building] INFO  o.e.m.c.i.embedder.EclipseLogger - Copying 3 resources
2022-10-20 11:33:29,457 [Worker-23: Building] WARN  o.e.m.c.i.embedder.EclipseLogger - Using platform encoding (Cp1252 actually) to copy filtered resources, i.e. build is platform dependent!
2022-10-20 11:33:29,459 [Worker-23: Building] INFO  o.e.m.c.i.embedder.EclipseLogger - skip non existing resourceDirectory C:\Users\Jose Manuel.DESKTOP-IK1OESR\Music\lp1_20222_sabado_02_grupo_02\src\test\resources
2022-11-19 13:38:48,091 [Worker-2: Loading available Gradle versions] INFO  o.e.b.c.i.u.g.PublishedGradleVersions - Gradle version information cache is up-to-date. Trying to read.
2022-11-19 13:38:49,613 [ForkJoinPool.commonPool-worker-1] ERROR o.e.m.e.l.MavenRuntimeClasspathProvider - Illegal character in path at index 11: file:/C:/my sql/eclipse/plugins/org.eclipse.m2e.maven.runtime_1.18.3.20220227-1319/jars/
java.net.URISyntaxException: Illegal character in path at index 11: file:/C:/my sql/eclipse/plugins/org.eclipse.m2e.maven.runtime_1.18.3.20220227-1319/jars/
	at java.base/java.net.URI$Parser.fail(URI.java:2974) ~[na:na]
	at java.base/java.net.URI$Parser.checkChars(URI.java:3145) ~[na:na]
	at java.base/java.net.URI$Parser.parseHierarchical(URI.java:3227) ~[na:na]
	at java.base/java.net.URI$Parser.parse(URI.java:3175) ~[na:na]
	at java.base/java.net.URI.<init>(URI.java:623) ~[na:na]
	at java.base/java.net.URL.toURI(URL.java:1056) ~[na:na]
	at org.eclipse.m2e.editor.lemminx.MavenRuntimeClasspathProvider.addJarsFromBundle(MavenRuntimeClasspathProvider.java:81) ~[na:na]
	at org.eclipse.m2e.editor.lemminx.MavenRuntimeClasspathProvider.get(MavenRuntimeClasspathProvider.java:66) ~[na:na]
	at org.eclipse.m2e.editor.lemminx.MavenRuntimeClasspathProvider.get(MavenRuntimeClasspathProvider.java:1) ~[na:na]
	at java.base/java.util.stream.ReferencePipeline$3$1.accept(ReferencePipeline.java:197) ~[na:na]
	at java.base/java.util.stream.ReferencePipeline$3$1.accept(ReferencePipeline.java:197) ~[na:na]
	at java.base/java.util.HashMap$EntrySpliterator.forEachRemaining(HashMap.java:1850) ~[na:na]
	at java.base/java.util.stream.AbstractPipeline.copyInto(AbstractPipeline.java:509) ~[na:na]
	at java.base/java.util.stream.AbstractPipeline.wrapAndCopyInto(AbstractPipeline.java:499) ~[na:na]
	at java.base/java.util.stream.ForEachOps$ForEachOp.evaluateSequential(ForEachOps.java:150) ~[na:na]
	at java.base/java.util.stream.ForEachOps$ForEachOp$OfRef.evaluateSequential(ForEachOps.java:173) ~[na:na]
	at java.base/java.util.stream.AbstractPipeline.evaluate(AbstractPipeline.java:234) ~[na:na]
	at java.base/java.util.stream.ReferencePipeline.forEach(ReferencePipeline.java:596) ~[na:na]
	at org.eclipse.wildwebdeveloper.xml.internal.XMLExtensionRegistry.getXMLLSClassPathExtensions(XMLExtensionRegistry.java:81) ~[na:na]
	at org.eclipse.wildwebdeveloper.xml.internal.XMLLanguageServer.getExtensionJarPaths(XMLLanguageServer.java:148) ~[na:na]
	at org.eclipse.wildwebdeveloper.xml.internal.XMLLanguageServer.<init>(XMLLanguageServer.java:83) ~[na:na]
	at java.base/jdk.internal.reflect.NativeConstructorAccessorImpl.newInstance0(Native Method) ~[na:na]
	at java.base/jdk.internal.reflect.NativeConstructorAccessorImpl.newInstance(NativeConstructorAccessorImpl.java:77) ~[na:na]
	at java.base/jdk.internal.reflect.DelegatingConstructorAccessorImpl.newInstance(DelegatingConstructorAccessorImpl.java:45) ~[na:na]
	at java.base/java.lang.reflect.Constructor.newInstanceWithCaller(Constructor.java:499) ~[na:na]
	at java.base/java.lang.reflect.Constructor.newInstance(Constructor.java:480) ~[na:na]
	at org.eclipse.core.internal.registry.osgi.RegistryStrategyOSGI.createExecutableExtension(RegistryStrategyOSGI.java:204) ~[org.eclipse.equinox.registry_3.11.100.v20211021-1418.jar:na]
	at org.eclipse.core.internal.registry.ExtensionRegistry.createExecutableExtension(ExtensionRegistry.java:920) ~[org.eclipse.equinox.registry_3.11.100.v20211021-1418.jar:na]
	at org.eclipse.core.internal.registry.ConfigurationElement.createExecutableExtension(ConfigurationElement.java:246) ~[org.eclipse.equinox.registry_3.11.100.v20211021-1418.jar:na]
	at org.eclipse.core.internal.registry.ConfigurationElementHandle.createExecutableExtension(ConfigurationElementHandle.java:63) ~[org.eclipse.equinox.registry_3.11.100.v20211021-1418.jar:na]
	at org.eclipse.lsp4e.LanguageServersRegistry$ExtensionLanguageServerDefinition.createConnectionProvider(LanguageServersRegistry.java:161) ~[na:na]
	at org.eclipse.lsp4e.LanguageServerWrapper.lambda$0(LanguageServerWrapper.java:232) ~[na:na]
	at java.base/java.util.concurrent.CompletableFuture$AsyncSupply.run(CompletableFuture.java:1768) ~[na:na]
	at java.base/java.util.concurrent.CompletableFuture$AsyncSupply.exec(CompletableFuture.java:1760) ~[na:na]
	at java.base/java.util.concurrent.ForkJoinTask.doExec(ForkJoinTask.java:373) ~[na:na]
	at java.base/java.util.concurrent.ForkJoinPool$WorkQueue.topLevelExec(ForkJoinPool.java:1182) ~[na:na]
	at java.base/java.util.concurrent.ForkJoinPool.scan(ForkJoinPool.java:1655) ~[na:na]
	at java.base/java.util.concurrent.ForkJoinPool.runWorker(ForkJoinPool.java:1622) ~[na:na]
	at java.base/java.util.concurrent.ForkJoinWorkerThread.run(ForkJoinWorkerThread.java:165) ~[na:na]
2022-11-19 13:38:54,853 [Worker-5: Updating Maven Dependencies] INFO  o.e.m.c.i.l.LifecycleMappingFactory - Using org.eclipse.m2e.jdt.JarLifecycleMapping lifecycle mapping for MavenProject: lp1_modelo_proyecto_01:lp1_modelo_proyecto_01:0.0.1-SNAPSHOT @ C:\Users\Jose Manuel.DESKTOP-IK1OESR\Music\lp1_20222_sabado_02_grupo_02\pom.xml.
2022-11-19 13:39:11,575 [Worker-7: Building] WARN  o.e.m.c.i.embedder.EclipseLogger - Using platform encoding (Cp1252 actually) to copy filtered resources, i.e. build is platform dependent!
2022-11-19 13:39:11,594 [Worker-7: Building] INFO  o.e.m.c.i.embedder.EclipseLogger - Copying 3 resources
2022-11-19 13:39:11,644 [Worker-7: Building] WARN  o.e.m.c.i.embedder.EclipseLogger - Using platform encoding (Cp1252 actually) to copy filtered resources, i.e. build is platform dependent!
2022-11-19 13:39:11,647 [Worker-7: Building] INFO  o.e.m.c.i.embedder.EclipseLogger - skip non existing resourceDirectory C:\Users\Jose Manuel.DESKTOP-IK1OESR\Music\lp1_20222_sabado_02_grupo_02\src\test\resources
2022-11-19 13:41:25,113 [Worker-19: Building] WARN  o.e.m.c.i.embedder.EclipseLogger - Using platform encoding (Cp1252 actually) to copy filtered resources, i.e. build is platform dependent!
2022-11-19 13:41:25,164 [Worker-19: Building] INFO  o.e.m.c.i.embedder.EclipseLogger - Copying 3 resources
2022-11-19 13:41:25,176 [Worker-19: Building] WARN  o.e.m.c.i.embedder.EclipseLogger - Using platform encoding (Cp1252 actually) to copy filtered resources, i.e. build is platform dependent!
2022-11-19 13:41:25,180 [Worker-19: Building] INFO  o.e.m.c.i.embedder.EclipseLogger - skip non existing resourceDirectory C:\Users\Jose Manuel.DESKTOP-IK1OESR\Music\lp1_20222_sabado_02_grupo_02\src\test\resources
2022-11-19 13:49:18,025 [Worker-24: Building] WARN  o.e.m.c.i.embedder.EclipseLogger - Using platform encoding (Cp1252 actually) to copy filtered resources, i.e. build is platform dependent!
2022-11-19 13:49:18,070 [Worker-24: Building] INFO  o.e.m.c.i.embedder.EclipseLogger - Copying 3 resources
2022-11-19 13:49:18,080 [Worker-24: Building] WARN  o.e.m.c.i.embedder.EclipseLogger - Using platform encoding (Cp1252 actually) to copy filtered resources, i.e. build is platform dependent!
2022-11-19 13:49:18,084 [Worker-24: Building] INFO  o.e.m.c.i.embedder.EclipseLogger - skip non existing resourceDirectory C:\Users\Jose Manuel.DESKTOP-IK1OESR\Music\lp1_20222_sabado_02_grupo_02\src\test\resources
2022-11-19 13:51:53,213 [Worker-24: Building] WARN  o.e.m.c.i.embedder.EclipseLogger - Using platform encoding (Cp1252 actually) to copy filtered resources, i.e. build is platform dependent!
2022-11-19 13:51:53,264 [Worker-24: Building] INFO  o.e.m.c.i.embedder.EclipseLogger - Copying 3 resources
2022-11-19 13:51:53,275 [Worker-24: Building] WARN  o.e.m.c.i.embedder.EclipseLogger - Using platform encoding (Cp1252 actually) to copy filtered resources, i.e. build is platform dependent!
2022-11-19 13:51:53,303 [Worker-24: Building] INFO  o.e.m.c.i.embedder.EclipseLogger - skip non existing resourceDirectory C:\Users\Jose Manuel.DESKTOP-IK1OESR\Music\lp1_20222_sabado_02_grupo_02\src\test\resources
2022-11-19 13:52:15,951 [Worker-26: Building] WARN  o.e.m.c.i.embedder.EclipseLogger - Using platform encoding (Cp1252 actually) to copy filtered resources, i.e. build is platform dependent!
2022-11-19 13:52:15,992 [Worker-26: Building] INFO  o.e.m.c.i.embedder.EclipseLogger - Copying 3 resources
2022-11-19 13:52:16,001 [Worker-26: Building] WARN  o.e.m.c.i.embedder.EclipseLogger - Using platform encoding (Cp1252 actually) to copy filtered resources, i.e. build is platform dependent!
2022-11-19 13:52:16,004 [Worker-26: Building] INFO  o.e.m.c.i.embedder.EclipseLogger - skip non existing resourceDirectory C:\Users\Jose Manuel.DESKTOP-IK1OESR\Music\lp1_20222_sabado_02_grupo_02\src\test\resources
2022-11-19 13:56:31,671 [Worker-0: Building] WARN  o.e.m.c.i.embedder.EclipseLogger - Using platform encoding (Cp1252 actually) to copy filtered resources, i.e. build is platform dependent!
2022-11-19 13:56:31,719 [Worker-0: Building] INFO  o.e.m.c.i.embedder.EclipseLogger - Copying 3 resources
2022-11-19 13:56:31,728 [Worker-0: Building] WARN  o.e.m.c.i.embedder.EclipseLogger - Using platform encoding (Cp1252 actually) to copy filtered resources, i.e. build is platform dependent!
2022-11-19 13:56:31,740 [Worker-0: Building] INFO  o.e.m.c.i.embedder.EclipseLogger - skip non existing resourceDirectory C:\Users\Jose Manuel.DESKTOP-IK1OESR\Music\lp1_20222_sabado_02_grupo_02\src\test\resources
2022-11-19 13:56:46,722 [Worker-26: Building] WARN  o.e.m.c.i.embedder.EclipseLogger - Using platform encoding (Cp1252 actually) to copy filtered resources, i.e. build is platform dependent!
2022-11-19 13:56:46,758 [Worker-26: Building] INFO  o.e.m.c.i.embedder.EclipseLogger - Copying 3 resources
2022-11-19 13:56:46,766 [Worker-26: Building] WARN  o.e.m.c.i.embedder.EclipseLogger - Using platform encoding (Cp1252 actually) to copy filtered resources, i.e. build is platform dependent!
2022-11-19 13:56:46,770 [Worker-26: Building] INFO  o.e.m.c.i.embedder.EclipseLogger - skip non existing resourceDirectory C:\Users\Jose Manuel.DESKTOP-IK1OESR\Music\lp1_20222_sabado_02_grupo_02\src\test\resources
2022-11-19 13:57:28,751 [Worker-28: Building] WARN  o.e.m.c.i.embedder.EclipseLogger - Using platform encoding (Cp1252 actually) to copy filtered resources, i.e. build is platform dependent!
2022-11-19 13:57:28,756 [Worker-28: Building] INFO  o.e.m.c.i.embedder.EclipseLogger - Copying 0 resource
2022-11-19 13:57:28,765 [Worker-28: Building] WARN  o.e.m.c.i.embedder.EclipseLogger - Using platform encoding (Cp1252 actually) to copy filtered resources, i.e. build is platform dependent!
2022-11-19 13:57:28,769 [Worker-28: Building] INFO  o.e.m.c.i.embedder.EclipseLogger - skip non existing resourceDirectory C:\Users\Jose Manuel.DESKTOP-IK1OESR\Music\lp1_20222_sabado_02_grupo_02\src\test\resources
2022-11-19 13:59:35,137 [Worker-26: Building] WARN  o.e.m.c.i.embedder.EclipseLogger - Using platform encoding (Cp1252 actually) to copy filtered resources, i.e. build is platform dependent!
2022-11-19 13:59:35,141 [Worker-26: Building] INFO  o.e.m.c.i.embedder.EclipseLogger - Copying 0 resource
2022-11-19 13:59:35,146 [Worker-26: Building] WARN  o.e.m.c.i.embedder.EclipseLogger - Using platform encoding (Cp1252 actually) to copy filtered resources, i.e. build is platform dependent!
2022-11-19 13:59:35,149 [Worker-26: Building] INFO  o.e.m.c.i.embedder.EclipseLogger - skip non existing resourceDirectory C:\Users\Jose Manuel.DESKTOP-IK1OESR\Music\lp1_20222_sabado_02_grupo_02\src\test\resources
2022-11-19 13:59:39,777 [Worker-28: Building] WARN  o.e.m.c.i.embedder.EclipseLogger - Using platform encoding (Cp1252 actually) to copy filtered resources, i.e. build is platform dependent!
2022-11-19 13:59:39,781 [Worker-28: Building] INFO  o.e.m.c.i.embedder.EclipseLogger - Copying 0 resource
2022-11-19 13:59:39,786 [Worker-28: Building] WARN  o.e.m.c.i.embedder.EclipseLogger - Using platform encoding (Cp1252 actually) to copy filtered resources, i.e. build is platform dependent!
2022-11-19 13:59:39,790 [Worker-28: Building] INFO  o.e.m.c.i.embedder.EclipseLogger - skip non existing resourceDirectory C:\Users\Jose Manuel.DESKTOP-IK1OESR\Music\lp1_20222_sabado_02_grupo_02\src\test\resources
2022-11-19 14:23:59,688 [Worker-32: Building] WARN  o.e.m.c.i.embedder.EclipseLogger - Using platform encoding (Cp1252 actually) to copy filtered resources, i.e. build is platform dependent!
2022-11-19 14:23:59,746 [Worker-32: Building] INFO  o.e.m.c.i.embedder.EclipseLogger - Copying 3 resources
2022-11-19 14:23:59,755 [Worker-32: Building] WARN  o.e.m.c.i.embedder.EclipseLogger - Using platform encoding (Cp1252 actually) to copy filtered resources, i.e. build is platform dependent!
2022-11-19 14:23:59,758 [Worker-32: Building] INFO  o.e.m.c.i.embedder.EclipseLogger - skip non existing resourceDirectory C:\Users\Jose Manuel.DESKTOP-IK1OESR\Music\lp1_20222_sabado_02_grupo_02\src\test\resources
2022-11-19 14:25:04,874 [Worker-35: Building] WARN  o.e.m.c.i.embedder.EclipseLogger - Using platform encoding (Cp1252 actually) to copy filtered resources, i.e. build is platform dependent!
2022-11-19 14:25:04,913 [Worker-35: Building] INFO  o.e.m.c.i.embedder.EclipseLogger - Copying 3 resources
2022-11-19 14:25:04,921 [Worker-35: Building] WARN  o.e.m.c.i.embedder.EclipseLogger - Using platform encoding (Cp1252 actually) to copy filtered resources, i.e. build is platform dependent!
2022-11-19 14:25:04,925 [Worker-35: Building] INFO  o.e.m.c.i.embedder.EclipseLogger - skip non existing resourceDirectory C:\Users\Jose Manuel.DESKTOP-IK1OESR\Music\lp1_20222_sabado_02_grupo_02\src\test\resources
2022-11-19 14:26:50,306 [Worker-37: Building] WARN  o.e.m.c.i.embedder.EclipseLogger - Using platform encoding (Cp1252 actually) to copy filtered resources, i.e. build is platform dependent!
2022-11-19 14:26:50,348 [Worker-37: Building] INFO  o.e.m.c.i.embedder.EclipseLogger - Copying 3 resources
2022-11-19 14:26:50,366 [Worker-37: Building] WARN  o.e.m.c.i.embedder.EclipseLogger - Using platform encoding (Cp1252 actually) to copy filtered resources, i.e. build is platform dependent!
2022-11-19 14:26:50,371 [Worker-37: Building] INFO  o.e.m.c.i.embedder.EclipseLogger - skip non existing resourceDirectory C:\Users\Jose Manuel.DESKTOP-IK1OESR\Music\lp1_20222_sabado_02_grupo_02\src\test\resources
2022-11-19 14:28:19,129 [Worker-35: Building] WARN  o.e.m.c.i.embedder.EclipseLogger - Using platform encoding (Cp1252 actually) to copy filtered resources, i.e. build is platform dependent!
2022-11-19 14:28:19,133 [Worker-35: Building] INFO  o.e.m.c.i.embedder.EclipseLogger - Copying 0 resource
2022-11-19 14:28:19,136 [Worker-35: Building] WARN  o.e.m.c.i.embedder.EclipseLogger - Using platform encoding (Cp1252 actually) to copy filtered resources, i.e. build is platform dependent!
2022-11-19 14:28:19,182 [Worker-35: Building] INFO  o.e.m.c.i.embedder.EclipseLogger - skip non existing resourceDirectory C:\Users\Jose Manuel.DESKTOP-IK1OESR\Music\lp1_20222_sabado_02_grupo_02\src\test\resources
2022-11-19 14:28:31,056 [Worker-37: Building] WARN  o.e.m.c.i.embedder.EclipseLogger - Using platform encoding (Cp1252 actually) to copy filtered resources, i.e. build is platform dependent!
2022-11-19 14:28:31,096 [Worker-37: Building] INFO  o.e.m.c.i.embedder.EclipseLogger - Copying 3 resources
2022-11-19 14:28:31,208 [Worker-37: Building] WARN  o.e.m.c.i.embedder.EclipseLogger - Using platform encoding (Cp1252 actually) to copy filtered resources, i.e. build is platform dependent!
2022-11-19 14:28:31,213 [Worker-37: Building] INFO  o.e.m.c.i.embedder.EclipseLogger - skip non existing resourceDirectory C:\Users\Jose Manuel.DESKTOP-IK1OESR\Music\lp1_20222_sabado_02_grupo_02\src\test\resources
2022-11-19 14:31:31,447 [Worker-32: Building] WARN  o.e.m.c.i.embedder.EclipseLogger - Using platform encoding (Cp1252 actually) to copy filtered resources, i.e. build is platform dependent!
2022-11-19 14:31:31,507 [Worker-32: Building] INFO  o.e.m.c.i.embedder.EclipseLogger - Copying 3 resources
2022-11-19 14:31:31,522 [Worker-32: Building] WARN  o.e.m.c.i.embedder.EclipseLogger - Using platform encoding (Cp1252 actually) to copy filtered resources, i.e. build is platform dependent!
2022-11-19 14:31:31,527 [Worker-32: Building] INFO  o.e.m.c.i.embedder.EclipseLogger - skip non existing resourceDirectory C:\Users\Jose Manuel.DESKTOP-IK1OESR\Music\lp1_20222_sabado_02_grupo_02\src\test\resources
2022-11-19 14:31:49,493 [Worker-37: Building] WARN  o.e.m.c.i.embedder.EclipseLogger - Using platform encoding (Cp1252 actually) to copy filtered resources, i.e. build is platform dependent!
2022-11-19 14:31:49,531 [Worker-37: Building] INFO  o.e.m.c.i.embedder.EclipseLogger - Copying 3 resources
2022-11-19 14:31:49,538 [Worker-37: Building] WARN  o.e.m.c.i.embedder.EclipseLogger - Using platform encoding (Cp1252 actually) to copy filtered resources, i.e. build is platform dependent!
2022-11-19 14:31:49,542 [Worker-37: Building] INFO  o.e.m.c.i.embedder.EclipseLogger - skip non existing resourceDirectory C:\Users\Jose Manuel.DESKTOP-IK1OESR\Music\lp1_20222_sabado_02_grupo_02\src\test\resources
2022-11-19 14:33:50,797 [Worker-39: Building] WARN  o.e.m.c.i.embedder.EclipseLogger - Using platform encoding (Cp1252 actually) to copy filtered resources, i.e. build is platform dependent!
2022-11-19 14:33:50,857 [Worker-39: Building] INFO  o.e.m.c.i.embedder.EclipseLogger - Copying 3 resources
2022-11-19 14:33:50,865 [Worker-39: Building] WARN  o.e.m.c.i.embedder.EclipseLogger - Using platform encoding (Cp1252 actually) to copy filtered resources, i.e. build is platform dependent!
2022-11-19 14:33:50,871 [Worker-39: Building] INFO  o.e.m.c.i.embedder.EclipseLogger - skip non existing resourceDirectory C:\Users\Jose Manuel.DESKTOP-IK1OESR\Music\lp1_20222_sabado_02_grupo_02\src\test\resources
2022-11-19 14:34:47,680 [Worker-39: Building] WARN  o.e.m.c.i.embedder.EclipseLogger - Using platform encoding (Cp1252 actually) to copy filtered resources, i.e. build is platform dependent!
2022-11-19 14:34:47,686 [Worker-39: Building] INFO  o.e.m.c.i.embedder.EclipseLogger - Copying 0 resource
2022-11-19 14:34:47,692 [Worker-39: Building] WARN  o.e.m.c.i.embedder.EclipseLogger - Using platform encoding (Cp1252 actually) to copy filtered resources, i.e. build is platform dependent!
2022-11-19 14:34:47,696 [Worker-39: Building] INFO  o.e.m.c.i.embedder.EclipseLogger - skip non existing resourceDirectory C:\Users\Jose Manuel.DESKTOP-IK1OESR\Music\lp1_20222_sabado_02_grupo_02\src\test\resources
2022-11-19 14:34:52,207 [Worker-32: Building] WARN  o.e.m.c.i.embedder.EclipseLogger - Using platform encoding (Cp1252 actually) to copy filtered resources, i.e. build is platform dependent!
2022-11-19 14:34:52,211 [Worker-32: Building] INFO  o.e.m.c.i.embedder.EclipseLogger - Copying 0 resource
2022-11-19 14:34:52,216 [Worker-32: Building] WARN  o.e.m.c.i.embedder.EclipseLogger - Using platform encoding (Cp1252 actually) to copy filtered resources, i.e. build is platform dependent!
2022-11-19 14:34:52,221 [Worker-32: Building] INFO  o.e.m.c.i.embedder.EclipseLogger - skip non existing resourceDirectory C:\Users\Jose Manuel.DESKTOP-IK1OESR\Music\lp1_20222_sabado_02_grupo_02\src\test\resources
2022-11-19 14:35:49,463 [Worker-29: Building] WARN  o.e.m.c.i.embedder.EclipseLogger - Using platform encoding (Cp1252 actually) to copy filtered resources, i.e. build is platform dependent!
2022-11-19 14:35:49,468 [Worker-29: Building] INFO  o.e.m.c.i.embedder.EclipseLogger - Copying 0 resource
2022-11-19 14:35:49,472 [Worker-29: Building] WARN  o.e.m.c.i.embedder.EclipseLogger - Using platform encoding (Cp1252 actually) to copy filtered resources, i.e. build is platform dependent!
2022-11-19 14:35:49,526 [Worker-29: Building] INFO  o.e.m.c.i.embedder.EclipseLogger - skip non existing resourceDirectory C:\Users\Jose Manuel.DESKTOP-IK1OESR\Music\lp1_20222_sabado_02_grupo_02\src\test\resources
2022-11-19 14:35:53,350 [Worker-40: Building] WARN  o.e.m.c.i.embedder.EclipseLogger - Using platform encoding (Cp1252 actually) to copy filtered resources, i.e. build is platform dependent!
2022-11-19 14:35:53,354 [Worker-40: Building] INFO  o.e.m.c.i.embedder.EclipseLogger - Copying 0 resource
2022-11-19 14:35:53,357 [Worker-40: Building] WARN  o.e.m.c.i.embedder.EclipseLogger - Using platform encoding (Cp1252 actually) to copy filtered resources, i.e. build is platform dependent!
2022-11-19 14:35:53,360 [Worker-40: Building] INFO  o.e.m.c.i.embedder.EclipseLogger - skip non existing resourceDirectory C:\Users\Jose Manuel.DESKTOP-IK1OESR\Music\lp1_20222_sabado_02_grupo_02\src\test\resources
2022-11-19 23:49:14,739 [Worker-7: Loading available Gradle versions] INFO  o.e.b.c.i.u.g.PublishedGradleVersions - Gradle version information cache is out-of-date. Trying to update.
2022-11-19 23:51:04,154 [Worker-1: Building] WARN  o.e.m.c.i.embedder.EclipseLogger - Using platform encoding (Cp1252 actually) to copy filtered resources, i.e. build is platform dependent!
2022-11-19 23:51:04,193 [Worker-1: Building] INFO  o.e.m.c.i.embedder.EclipseLogger - Copying 3 resources
2022-11-19 23:51:04,229 [Worker-1: Building] WARN  o.e.m.c.i.embedder.EclipseLogger - Using platform encoding (Cp1252 actually) to copy filtered resources, i.e. build is platform dependent!
2022-11-19 23:51:04,233 [Worker-1: Building] INFO  o.e.m.c.i.embedder.EclipseLogger - skip non existing resourceDirectory C:\Users\Jose Manuel.DESKTOP-IK1OESR\Music\lp1_20222_sabado_02_grupo_02\src\test\resources
2022-11-19 23:51:30,177 [Worker-6: Building] WARN  o.e.m.c.i.embedder.EclipseLogger - Using platform encoding (Cp1252 actually) to copy filtered resources, i.e. build is platform dependent!
2022-11-19 23:51:30,226 [Worker-6: Building] INFO  o.e.m.c.i.embedder.EclipseLogger - Copying 3 resources
2022-11-19 23:51:30,258 [Worker-6: Building] WARN  o.e.m.c.i.embedder.EclipseLogger - Using platform encoding (Cp1252 actually) to copy filtered resources, i.e. build is platform dependent!
2022-11-19 23:51:30,261 [Worker-6: Building] INFO  o.e.m.c.i.embedder.EclipseLogger - skip non existing resourceDirectory C:\Users\Jose Manuel.DESKTOP-IK1OESR\Music\lp1_20222_sabado_02_grupo_02\src\test\resources
2022-11-19 23:51:56,702 [Worker-18: Building] WARN  o.e.m.c.i.embedder.EclipseLogger - Using platform encoding (Cp1252 actually) to copy filtered resources, i.e. build is platform dependent!
2022-11-19 23:51:56,734 [Worker-18: Building] INFO  o.e.m.c.i.embedder.EclipseLogger - Copying 3 resources
2022-11-19 23:51:56,742 [Worker-18: Building] WARN  o.e.m.c.i.embedder.EclipseLogger - Using platform encoding (Cp1252 actually) to copy filtered resources, i.e. build is platform dependent!
2022-11-19 23:51:56,746 [Worker-18: Building] INFO  o.e.m.c.i.embedder.EclipseLogger - skip non existing resourceDirectory C:\Users\Jose Manuel.DESKTOP-IK1OESR\Music\lp1_20222_sabado_02_grupo_02\src\test\resources
2022-11-19 23:53:52,030 [Worker-18: Building] WARN  o.e.m.c.i.embedder.EclipseLogger - Using platform encoding (Cp1252 actually) to copy filtered resources, i.e. build is platform dependent!
2022-11-19 23:53:52,070 [Worker-18: Building] INFO  o.e.m.c.i.embedder.EclipseLogger - Copying 3 resources
2022-11-19 23:53:52,084 [Worker-18: Building] WARN  o.e.m.c.i.embedder.EclipseLogger - Using platform encoding (Cp1252 actually) to copy filtered resources, i.e. build is platform dependent!
2022-11-19 23:53:52,089 [Worker-18: Building] INFO  o.e.m.c.i.embedder.EclipseLogger - skip non existing resourceDirectory C:\Users\Jose Manuel.DESKTOP-IK1OESR\Music\lp1_20222_sabado_02_grupo_02\src\test\resources
2022-11-19 23:54:04,200 [Worker-9: Building] WARN  o.e.m.c.i.embedder.EclipseLogger - Using platform encoding (Cp1252 actually) to copy filtered resources, i.e. build is platform dependent!
2022-11-19 23:54:04,203 [Worker-9: Building] INFO  o.e.m.c.i.embedder.EclipseLogger - Copying 0 resource
2022-11-19 23:54:04,207 [Worker-9: Building] WARN  o.e.m.c.i.embedder.EclipseLogger - Using platform encoding (Cp1252 actually) to copy filtered resources, i.e. build is platform dependent!
2022-11-19 23:54:04,210 [Worker-9: Building] INFO  o.e.m.c.i.embedder.EclipseLogger - skip non existing resourceDirectory C:\Users\Jose Manuel.DESKTOP-IK1OESR\Music\lp1_20222_sabado_02_grupo_02\src\test\resources
2022-11-19 23:58:45,692 [Worker-11: Building] WARN  o.e.m.c.i.embedder.EclipseLogger - Using platform encoding (Cp1252 actually) to copy filtered resources, i.e. build is platform dependent!
2022-11-19 23:58:45,738 [Worker-11: Building] INFO  o.e.m.c.i.embedder.EclipseLogger - Copying 3 resources
2022-11-19 23:58:45,747 [Worker-11: Building] WARN  o.e.m.c.i.embedder.EclipseLogger - Using platform encoding (Cp1252 actually) to copy filtered resources, i.e. build is platform dependent!
2022-11-19 23:58:45,751 [Worker-11: Building] INFO  o.e.m.c.i.embedder.EclipseLogger - skip non existing resourceDirectory C:\Users\Jose Manuel.DESKTOP-IK1OESR\Music\lp1_20222_sabado_02_grupo_02\src\test\resources
2022-11-19 23:58:59,744 [Worker-11: Building] WARN  o.e.m.c.i.embedder.EclipseLogger - Using platform encoding (Cp1252 actually) to copy filtered resources, i.e. build is platform dependent!
2022-11-19 23:58:59,777 [Worker-11: Building] INFO  o.e.m.c.i.embedder.EclipseLogger - Copying 3 resources
2022-11-19 23:58:59,786 [Worker-11: Building] WARN  o.e.m.c.i.embedder.EclipseLogger - Using platform encoding (Cp1252 actually) to copy filtered resources, i.e. build is platform dependent!
2022-11-19 23:58:59,790 [Worker-11: Building] INFO  o.e.m.c.i.embedder.EclipseLogger - skip non existing resourceDirectory C:\Users\Jose Manuel.DESKTOP-IK1OESR\Music\lp1_20222_sabado_02_grupo_02\src\test\resources
2022-11-19 23:59:16,191 [Worker-25: Building] WARN  o.e.m.c.i.embedder.EclipseLogger - Using platform encoding (Cp1252 actually) to copy filtered resources, i.e. build is platform dependent!
2022-11-19 23:59:16,222 [Worker-25: Building] INFO  o.e.m.c.i.embedder.EclipseLogger - Copying 3 resources
2022-11-19 23:59:16,234 [Worker-25: Building] WARN  o.e.m.c.i.embedder.EclipseLogger - Using platform encoding (Cp1252 actually) to copy filtered resources, i.e. build is platform dependent!
2022-11-19 23:59:16,238 [Worker-25: Building] INFO  o.e.m.c.i.embedder.EclipseLogger - skip non existing resourceDirectory C:\Users\Jose Manuel.DESKTOP-IK1OESR\Music\lp1_20222_sabado_02_grupo_02\src\test\resources
2022-11-19 23:59:30,812 [Worker-11: Building] WARN  o.e.m.c.i.embedder.EclipseLogger - Using platform encoding (Cp1252 actually) to copy filtered resources, i.e. build is platform dependent!
2022-11-19 23:59:30,852 [Worker-11: Building] INFO  o.e.m.c.i.embedder.EclipseLogger - Copying 3 resources
2022-11-19 23:59:30,860 [Worker-11: Building] WARN  o.e.m.c.i.embedder.EclipseLogger - Using platform encoding (Cp1252 actually) to copy filtered resources, i.e. build is platform dependent!
2022-11-19 23:59:30,865 [Worker-11: Building] INFO  o.e.m.c.i.embedder.EclipseLogger - skip non existing resourceDirectory C:\Users\Jose Manuel.DESKTOP-IK1OESR\Music\lp1_20222_sabado_02_grupo_02\src\test\resources
2022-11-19 23:59:40,622 [Worker-24: Building] WARN  o.e.m.c.i.embedder.EclipseLogger - Using platform encoding (Cp1252 actually) to copy filtered resources, i.e. build is platform dependent!
2022-11-19 23:59:40,626 [Worker-24: Building] INFO  o.e.m.c.i.embedder.EclipseLogger - Copying 0 resource
2022-11-19 23:59:40,632 [Worker-24: Building] WARN  o.e.m.c.i.embedder.EclipseLogger - Using platform encoding (Cp1252 actually) to copy filtered resources, i.e. build is platform dependent!
2022-11-19 23:59:40,636 [Worker-24: Building] INFO  o.e.m.c.i.embedder.EclipseLogger - skip non existing resourceDirectory C:\Users\Jose Manuel.DESKTOP-IK1OESR\Music\lp1_20222_sabado_02_grupo_02\src\test\resources
2022-11-20 01:13:41,067 [Worker-35: Building] WARN  o.e.m.c.i.embedder.EclipseLogger - Using platform encoding (Cp1252 actually) to copy filtered resources, i.e. build is platform dependent!
2022-11-20 01:13:41,121 [Worker-35: Building] INFO  o.e.m.c.i.embedder.EclipseLogger - Copying 3 resources
2022-11-20 01:13:41,132 [Worker-35: Building] WARN  o.e.m.c.i.embedder.EclipseLogger - Using platform encoding (Cp1252 actually) to copy filtered resources, i.e. build is platform dependent!
2022-11-20 01:13:41,137 [Worker-35: Building] INFO  o.e.m.c.i.embedder.EclipseLogger - skip non existing resourceDirectory C:\Users\Jose Manuel.DESKTOP-IK1OESR\Music\lp1_20222_sabado_02_grupo_02\src\test\resources
2022-11-20 01:15:57,247 [Worker-34: Building] WARN  o.e.m.c.i.embedder.EclipseLogger - Using platform encoding (Cp1252 actually) to copy filtered resources, i.e. build is platform dependent!
2022-11-20 01:15:57,289 [Worker-34: Building] INFO  o.e.m.c.i.embedder.EclipseLogger - Copying 3 resources
2022-11-20 01:15:57,299 [Worker-34: Building] WARN  o.e.m.c.i.embedder.EclipseLogger - Using platform encoding (Cp1252 actually) to copy filtered resources, i.e. build is platform dependent!
2022-11-20 01:15:57,304 [Worker-34: Building] INFO  o.e.m.c.i.embedder.EclipseLogger - skip non existing resourceDirectory C:\Users\Jose Manuel.DESKTOP-IK1OESR\Music\lp1_20222_sabado_02_grupo_02\src\test\resources
2022-11-20 01:18:29,647 [Worker-43: Building] WARN  o.e.m.c.i.embedder.EclipseLogger - Using platform encoding (Cp1252 actually) to copy filtered resources, i.e. build is platform dependent!
2022-11-20 01:18:29,698 [Worker-43: Building] INFO  o.e.m.c.i.embedder.EclipseLogger - Copying 3 resources
2022-11-20 01:18:29,707 [Worker-43: Building] WARN  o.e.m.c.i.embedder.EclipseLogger - Using platform encoding (Cp1252 actually) to copy filtered resources, i.e. build is platform dependent!
2022-11-20 01:18:29,713 [Worker-43: Building] INFO  o.e.m.c.i.embedder.EclipseLogger - skip non existing resourceDirectory C:\Users\Jose Manuel.DESKTOP-IK1OESR\Music\lp1_20222_sabado_02_grupo_02\src\test\resources
2022-11-20 01:19:52,042 [Worker-28: Building] WARN  o.e.m.c.i.embedder.EclipseLogger - Using platform encoding (Cp1252 actually) to copy filtered resources, i.e. build is platform dependent!
2022-11-20 01:19:52,089 [Worker-28: Building] INFO  o.e.m.c.i.embedder.EclipseLogger - Copying 3 resources
2022-11-20 01:19:52,097 [Worker-28: Building] WARN  o.e.m.c.i.embedder.EclipseLogger - Using platform encoding (Cp1252 actually) to copy filtered resources, i.e. build is platform dependent!
2022-11-20 01:19:52,128 [Worker-28: Building] INFO  o.e.m.c.i.embedder.EclipseLogger - skip non existing resourceDirectory C:\Users\Jose Manuel.DESKTOP-IK1OESR\Music\lp1_20222_sabado_02_grupo_02\src\test\resources
2022-11-20 01:21:11,874 [Worker-45: Building] WARN  o.e.m.c.i.embedder.EclipseLogger - Using platform encoding (Cp1252 actually) to copy filtered resources, i.e. build is platform dependent!
2022-11-20 01:21:11,915 [Worker-45: Building] INFO  o.e.m.c.i.embedder.EclipseLogger - Copying 3 resources
2022-11-20 01:21:11,948 [Worker-45: Building] WARN  o.e.m.c.i.embedder.EclipseLogger - Using platform encoding (Cp1252 actually) to copy filtered resources, i.e. build is platform dependent!
2022-11-20 01:21:11,952 [Worker-45: Building] INFO  o.e.m.c.i.embedder.EclipseLogger - skip non existing resourceDirectory C:\Users\Jose Manuel.DESKTOP-IK1OESR\Music\lp1_20222_sabado_02_grupo_02\src\test\resources
2022-11-20 01:41:43,406 [Worker-0: Loading available Gradle versions] INFO  o.e.b.c.i.u.g.PublishedGradleVersions - Gradle version information cache is up-to-date. Trying to read.
2022-11-20 15:44:50,205 [Worker-12: Building] WARN  o.e.m.c.i.embedder.EclipseLogger - Using platform encoding (Cp1252 actually) to copy filtered resources, i.e. build is platform dependent!
2022-11-20 15:44:50,880 [Worker-12: Building] INFO  o.e.m.c.i.embedder.EclipseLogger - Copying 3 resources
2022-11-20 15:44:50,952 [Worker-12: Building] WARN  o.e.m.c.i.embedder.EclipseLogger - Using platform encoding (Cp1252 actually) to copy filtered resources, i.e. build is platform dependent!
2022-11-20 15:44:50,955 [Worker-12: Building] INFO  o.e.m.c.i.embedder.EclipseLogger - skip non existing resourceDirectory C:\Users\Jose Manuel.DESKTOP-IK1OESR\Music\lp1_20222_sabado_02_grupo_02\src\test\resources
2022-11-20 16:06:41,579 [Worker-24: Building] WARN  o.e.m.c.i.embedder.EclipseLogger - Using platform encoding (Cp1252 actually) to copy filtered resources, i.e. build is platform dependent!
2022-11-20 16:06:41,646 [Worker-24: Building] INFO  o.e.m.c.i.embedder.EclipseLogger - Copying 3 resources
2022-11-20 16:06:41,685 [Worker-24: Building] WARN  o.e.m.c.i.embedder.EclipseLogger - Using platform encoding (Cp1252 actually) to copy filtered resources, i.e. build is platform dependent!
2022-11-20 16:06:41,690 [Worker-24: Building] INFO  o.e.m.c.i.embedder.EclipseLogger - skip non existing resourceDirectory C:\Users\Jose Manuel.DESKTOP-IK1OESR\Music\lp1_20222_sabado_02_grupo_02\src\test\resources
